<?xml version="1.0" encoding="UTF-8"?>
<testsuite xmlns:xsi="http://www.w3.org/2001/XMLSchema-instance" xsi:noNamespaceSchemaLocation="https://maven.apache.org/surefire/maven-surefire-plugin/xsd/surefire-test-report-3.0.xsd" version="3.0" name="com.example.project1.repository.AnimalHeartRepositoryTest" time="0.441" tests="1" errors="0" skipped="0" failures="0">
  <properties>
[...]
</properties>
  <testcase name="animalHeart" classname="com.example.project1.repository.AnimalHeartRepositoryTest" time="0.428">
    <system-out><![CDATA[2024-07-15T11:01:18.150+09:00  INFO 10108 --- [project1] [           main] t.c.s.AnnotationConfigContextLoaderUtils : Could not detect default configuration classes for test class [com.example.project1.repository.AnimalHeartRepositoryTest]: AnimalHeartRepositoryTest does not declare any static, non-private, non-final, nested classes annotated with @Configuration.
2024-07-15T11:01:18.154+09:00  INFO 10108 --- [project1] [           main] .b.t.c.SpringBootTestContextBootstrapper : Found @SpringBootConfiguration com.example.project1.Project1Application for test class com.example.project1.repository.AnimalHeartRepositoryTest
2024-07-15T11:01:18.163+09:00  INFO 10108 --- [project1] [           main] .e.p.r.a.AnimalAnimalHeartRepositoryImpl : ================== queryDsl List ====================
Hibernate: 
    select
        a1_0.s_id,
        a1_0.age,
        a1_0.care_addr,
        a1_0.care_nm,
        a1_0.care_tel,
        a1_0.color_cd,
        a1_0.filename,
        a1_0.happen_dt,
        a1_0.kind_cd,
        a1_0.latitude,
        a1_0.longitude,
        a1_0.neuter_yn,
        a1_0.notice_edt,
        a1_0.notice_no,
        a1_0.notice_sdt,
        a1_0.officetel,
        a1_0.org_nm,
        a1_0.org_nmc,
        a1_0.popfile,
        a1_0.procss_state,
        a1_0.sex_cd,
        a1_0.special_mark,
        a1_0.weight,
        (select
            count(ah1_0.animal_s_id) 
        from
            animal_heart ah1_0 
        where
            ah1_0.animal_s_id=a1_0.s_id 
        group by
            ah1_0.animal_s_id) 
    from
        animal a1_0 
    where
        a1_0.s_id>? 
    order by
        a1_0.s_id desc 
    offset
        ? rows 
    fetch
        first ? rows only
Hibernate: 
    select
        count(a1_0.s_id) 
    from
        animal a1_0 
    where
        a1_0.s_id>?
[Animal(sId=1000, filename=http://www.animal.go.kr/files/shelter/2024/04/202405081605311_s.jpg, happenDt=20240508, kindCd=[개] 믹스견, colorCd=흰갈색, age=2022(년생), weight=7(Kg), noticeNo=강원-춘천-2024-00176, noticeSdt=20240508, noticeEdt=20240520, popfile=http://www.animal.go.kr/files/shelter/2024/04/202405081605311.jpg, procssState=null, sexCd=M, neuterYn=U, specialMark=사나움, 입질있음, careNm=춘천시 동물보호센터, careTel=033-245-5351, careAddr=강원도 춘천시 신북읍 영서로 3282 (신북읍) (전)102보충대 주차장, orgNm=강원특별자치도, orgNmc=춘천시, officetel=033-245-5785, latitude=37.9416029, longitude=127.7123024), null]
[Animal(sId=999, filename=http://www.animal.go.kr/files/shelter/2024/04/202405081105937_s.jpg, happenDt=20240508, kindCd=[개] 믹스견, colorCd=황색, age=2024(60일미만)(년생), weight=2.90(Kg), noticeNo=강원-강릉-2024-00158, noticeSdt=20240508, noticeEdt=20240520, popfile=http://www.animal.go.kr/files/shelter/2024/04/202405081105937.jpg, procssState=null, sexCd=M, neuterYn=N, specialMark=노란색 철물점 목줄착용, PE끈을 끊고 도로가에 돌아다니는 것을 신고하여 구조, careNm=강릉시 동물사랑센터, careTel=033-641-7515, careAddr=강원도 강릉시 성산면 내맬길 172  , orgNm=강원특별자치도, orgNmc=강릉시, officetel=033-640-5843, latitude=37.6988768, longitude=128.8292631), null]
[Animal(sId=998, filename=http://www.animal.go.kr/files/shelter/2024/04/202405081505250_s.jpg, happenDt=20240508, kindCd=[개] 믹스견, colorCd=흰색.검은색, age=2023(년생), weight=5(Kg), noticeNo=강원-고성-2024-00067, noticeSdt=20240508, noticeEdt=20240520, popfile=http://www.animal.go.kr/files/shelter/2024/04/202405081505250.jpg, procssState=null, sexCd=M, neuterYn=U, specialMark=순하고 사람을 잘 따름, careNm=유기견임시보호소, careTel=033-680-3724, careAddr=강원도 고성군 간성읍 꽃내마루길 53-49  , orgNm=강원특별자치도, orgNmc=고성군, officetel=033-680-3722, latitude=38.3488093, longitude=128.4339522), null]
[Animal(sId=997, filename=http://www.animal.go.kr/files/shelter/2024/04/202405081405531_s.jpg, happenDt=20240508, kindCd=[개] 믹스견, colorCd=검은색.황색, age=2023(년생), weight=7(Kg), noticeNo=강원-고성-2024-00069, noticeSdt=20240508, noticeEdt=20240520, popfile=http://www.animal.go.kr/files/shelter/2024/04/202405081405531.jpg, procssState=null, sexCd=F, neuterYn=U, specialMark=순하고 사람을 잘 따름, careNm=유기견임시보호소, careTel=033-680-3724, careAddr=강원도 고성군 간성읍 꽃내마루길 53-49  , orgNm=강원특별자치도, orgNmc=고성군, officetel=033-680-3722, latitude=38.3488093, longitude=128.4339522), null]
[Animal(sId=996, filename=http://www.animal.go.kr/files/shelter/2024/04/202405081305819[1]_s.jpg, happenDt=20240508, kindCd=[개] 믹스견, colorCd=혼합색, age=2024(60일미만)(년생), weight=1.8(Kg), noticeNo=강원-양양-2024-00062, noticeSdt=20240508, noticeEdt=20240520, popfile=http://www.animal.go.kr/files/shelter/2024/04/202405081305819[1].jpg, procssState=null, sexCd=M, neuterYn=N, specialMark=순둥순둥함, careNm=양양군유기동물보호소, careTel=033-670-2459, careAddr=강원도 양양군 손양면 동막골길 115-35  ., orgNm=강원특별자치도, orgNmc=양양군, officetel=033-670-2459, latitude=38.0204594, longitude=128.6433096), null]
[Animal(sId=995, filename=http://www.animal.go.kr/files/shelter/2024/04/202405081305788_s.jpg, happenDt=20240508, kindCd=[개] 믹스견, colorCd=검정, age=2024(60일미만)(년생), weight=1.8(Kg), noticeNo=강원-양양-2024-00063, noticeSdt=20240508, noticeEdt=20240520, popfile=http://www.animal.go.kr/files/shelter/2024/04/202405081305788.jpg, procssState=null, sexCd=F, neuterYn=N, specialMark=전체적으론 검정색이나 부분 흰색이 섞임, careNm=양양군유기동물보호소, careTel=033-670-2459, careAddr=강원도 양양군 손양면 동막골길 115-35  ., orgNm=강원특별자치도, orgNmc=양양군, officetel=033-670-2459, latitude=38.0204594, longitude=128.6433096), null]
[Animal(sId=994, filename=http://www.animal.go.kr/files/shelter/2024/04/202405081705619_s.jpg, happenDt=20240508, kindCd=[개] 믹스견, colorCd=갈색, age=2021(년생), weight=20(Kg), noticeNo=충북-충주-2024-00121, noticeSdt=20240508, noticeEdt=20240516, popfile=http://www.animal.go.kr/files/shelter/2024/04/202405081705619.jpg, procssState=null, sexCd=F, neuterYn=U, specialMark=순하고 사람 좋아함. 학교에서 발견.사상충양성, careNm=충주시동물보호센터, careTel=043-851-3168, careAddr=충청북도 충주시 중앙탑면 일곱실길 70 (중앙탑면) , orgNm=충청북도, orgNmc=충주시, officetel=043-850-5896, latitude=37.0083621, longitude=127.8497529), null]
[Animal(sId=993, filename=http://www.animal.go.kr/files/shelter/2024/04/202405081705168_s.jpg, happenDt=20240508, kindCd=[개] 요크셔 테리어, colorCd=검갈, age=2016(년생), weight=4(Kg), noticeNo=충북-충주-2024-00122, noticeSdt=20240508, noticeEdt=20240516, popfile=http://www.animal.go.kr/files/shelter/2024/04/202405081705168.jpg, procssState=null, sexCd=M, neuterYn=Y, specialMark=독거노인 지병으로 인해 사망, 122~125번 함께구조/사상충음성, careNm=충주시동물보호센터, careTel=043-851-3168, careAddr=충청북도 충주시 중앙탑면 일곱실길 70 (중앙탑면) , orgNm=충청북도, orgNmc=충주시, officetel=043-850-5896, latitude=37.0083621, longitude=127.8497529), null]
[Animal(sId=992, filename=http://www.animal.go.kr/files/shelter/2024/04/202405081705373[1]_s.jpg, happenDt=20240508, kindCd=[개] 요크셔 테리어, colorCd=검갈, age=2016(년생), weight=4(Kg), noticeNo=충북-충주-2024-00123, noticeSdt=20240508, noticeEdt=20240516, popfile=http://www.animal.go.kr/files/shelter/2024/04/202405081705373[1].jpg, procssState=null, sexCd=F, neuterYn=U, specialMark=독거노인 지병으로 인해 사망, 122~125번 함께구조/사상충음성, careNm=충주시동물보호센터, careTel=043-851-3168, careAddr=충청북도 충주시 중앙탑면 일곱실길 70 (중앙탑면) , orgNm=충청북도, orgNmc=충주시, officetel=043-850-5896, latitude=37.0083621, longitude=127.8497529), null]
[Animal(sId=991, filename=http://www.animal.go.kr/files/shelter/2024/04/202405081705697_s.jpg, happenDt=20240508, kindCd=[개] 치와와, colorCd=검정, age=2014(년생), weight=3(Kg), noticeNo=충북-충주-2024-00124, noticeSdt=20240508, noticeEdt=20240516, popfile=http://www.animal.go.kr/files/shelter/2024/04/202405081705697.jpg, procssState=null, sexCd=M, neuterYn=N, specialMark=독거노인 지병으로 인해 사망, 122~125번 함께구조/사상충음성, careNm=충주시동물보호센터, careTel=043-851-3168, careAddr=충청북도 충주시 중앙탑면 일곱실길 70 (중앙탑면) , orgNm=충청북도, orgNmc=충주시, officetel=043-850-5896, latitude=37.0083621, longitude=127.8497529), null]
]]></system-out>
  </testcase>
</testsuite>