<?xml version="1.0" encoding="UTF-8"?>
<testsuite xmlns:xsi="http://www.w3.org/2001/XMLSchema-instance" xsi:noNamespaceSchemaLocation="https://maven.apache.org/surefire/maven-surefire-plugin/xsd/surefire-test-report-3.0.xsd" version="3.0" name="com.example.project1.repository.ReviewRepositoryTest" time="0.482" tests="8" errors="3" skipped="0" failures="0">
  <properties>
[...]
</properties>
  <testcase name="testReplyComment" classname="com.example.project1.repository.ReviewRepositoryTest" time="0.026">
    <system-out><![CDATA[2024-07-15T11:01:19.900+09:00  INFO 10108 --- [project1] [           main] t.c.s.AnnotationConfigContextLoaderUtils : Could not detect default configuration classes for test class [com.example.project1.repository.ReviewRepositoryTest]: ReviewRepositoryTest does not declare any static, non-private, non-final, nested classes annotated with @Configuration.
2024-07-15T11:01:19.902+09:00  INFO 10108 --- [project1] [           main] .b.t.c.SpringBootTestContextBootstrapper : Found @SpringBootConfiguration com.example.project1.Project1Application for test class com.example.project1.repository.ReviewRepositoryTest
Hibernate: 
    select
        rr1_0.reply_no,
        rr1_0.created_date,
        rr1_0.last_modified_date,
        rr1_0.replyer_mid,
        rr1_0.review_rno,
        rr1_0.text 
    from
        review_reply rr1_0 
    where
        rr1_0.review_rno=? 
    order by
        rr1_0.reply_no
]]></system-out>
  </testcase>
  <testcase name="testInsertComment" classname="com.example.project1.repository.ReviewRepositoryTest" time="0.046">
    <error message="could not execute statement [ORA-02291: 무결성 제약조건(ADMIN.FK1LAX1DKXJW49IO6FYY3AH38QY)이 위배되었습니다- 부모 키가 없습니다&#10;] [insert into review_reply_comment (created_date,last_modified_date,reply_reply_no,replyer_mid,review_rno,text,comment_no) values (?,?,?,?,?,?,?)]; SQL [insert into review_reply_comment (created_date,last_modified_date,reply_reply_no,replyer_mid,review_rno,text,comment_no) values (?,?,?,?,?,?,?)]; constraint [ADMIN.FK1LAX1DKXJW49IO6FYY3AH38QY]" type="org.springframework.dao.DataIntegrityViolationException"><![CDATA[org.springframework.dao.DataIntegrityViolationException: 
could not execute statement [ORA-02291: 무결성 제약조건(ADMIN.FK1LAX1DKXJW49IO6FYY3AH38QY)이 위배되었습니다- 부모 키가 없습니다
] [insert into review_reply_comment (created_date,last_modified_date,reply_reply_no,replyer_mid,review_rno,text,comment_no) values (?,?,?,?,?,?,?)]; SQL [insert into review_reply_comment (created_date,last_modified_date,reply_reply_no,replyer_mid,review_rno,text,comment_no) values (?,?,?,?,?,?,?)]; constraint [ADMIN.FK1LAX1DKXJW49IO6FYY3AH38QY]
	at org.springframework.orm.jpa.vendor.HibernateJpaDialect.convertHibernateAccessException(HibernateJpaDialect.java:290)
	at org.springframework.orm.jpa.vendor.HibernateJpaDialect.translateExceptionIfPossible(HibernateJpaDialect.java:241)
	at org.springframework.orm.jpa.JpaTransactionManager.doCommit(JpaTransactionManager.java:566)
	at org.springframework.transaction.support.AbstractPlatformTransactionManager.processCommit(AbstractPlatformTransactionManager.java:794)
	at org.springframework.transaction.support.AbstractPlatformTransactionManager.commit(AbstractPlatformTransactionManager.java:757)
	at org.springframework.transaction.interceptor.TransactionAspectSupport.commitTransactionAfterReturning(TransactionAspectSupport.java:676)
	at org.springframework.transaction.interceptor.TransactionAspectSupport.invokeWithinTransaction(TransactionAspectSupport.java:426)
	at org.springframework.transaction.interceptor.TransactionInterceptor.invoke(TransactionInterceptor.java:119)
	at org.springframework.aop.framework.ReflectiveMethodInvocation.proceed(ReflectiveMethodInvocation.java:184)
	at org.springframework.dao.support.PersistenceExceptionTranslationInterceptor.invoke(PersistenceExceptionTranslationInterceptor.java:137)
	at org.springframework.aop.framework.ReflectiveMethodInvocation.proceed(ReflectiveMethodInvocation.java:184)
	at org.springframework.data.jpa.repository.support.CrudMethodMetadataPostProcessor$CrudMethodMetadataPopulatingMethodInterceptor.invoke(CrudMethodMetadataPostProcessor.java:164)
	at org.springframework.aop.framework.ReflectiveMethodInvocation.proceed(ReflectiveMethodInvocation.java:184)
	at org.springframework.aop.interceptor.ExposeInvocationInterceptor.invoke(ExposeInvocationInterceptor.java:97)
	at org.springframework.aop.framework.ReflectiveMethodInvocation.proceed(ReflectiveMethodInvocation.java:184)
	at org.springframework.aop.framework.JdkDynamicAopProxy.invoke(JdkDynamicAopProxy.java:223)
	at jdk.proxy2/jdk.proxy2.$Proxy163.save(Unknown Source)
	at com.example.project1.repository.ReviewRepositoryTest.testInsertComment(ReviewRepositoryTest.java:81)
	at java.base/java.lang.reflect.Method.invoke(Method.java:568)
	at java.base/java.util.ArrayList.forEach(ArrayList.java:1511)
	at java.base/java.util.ArrayList.forEach(ArrayList.java:1511)
Caused by: org.hibernate.exception.ConstraintViolationException: could not execute statement [ORA-02291: 무결성 제약조건(ADMIN.FK1LAX1DKXJW49IO6FYY3AH38QY)이 위배되었습니다- 부모 키가 없습니다
] [insert into review_reply_comment (created_date,last_modified_date,reply_reply_no,replyer_mid,review_rno,text,comment_no) values (?,?,?,?,?,?,?)]
	at org.hibernate.exception.internal.SQLExceptionTypeDelegate.convert(SQLExceptionTypeDelegate.java:62)
	at org.hibernate.exception.internal.StandardSQLExceptionConverter.convert(StandardSQLExceptionConverter.java:58)
	at org.hibernate.engine.jdbc.spi.SqlExceptionHelper.convert(SqlExceptionHelper.java:108)
	at org.hibernate.engine.jdbc.internal.ResultSetReturnImpl.executeUpdate(ResultSetReturnImpl.java:197)
	at org.hibernate.engine.jdbc.mutation.internal.AbstractMutationExecutor.performNonBatchedMutation(AbstractMutationExecutor.java:108)
	at org.hibernate.engine.jdbc.mutation.internal.MutationExecutorSingleNonBatched.performNonBatchedOperations(MutationExecutorSingleNonBatched.java:40)
	at org.hibernate.engine.jdbc.mutation.internal.AbstractMutationExecutor.execute(AbstractMutationExecutor.java:52)
	at org.hibernate.persister.entity.mutation.InsertCoordinator.doStaticInserts(InsertCoordinator.java:175)
	at org.hibernate.persister.entity.mutation.InsertCoordinator.coordinateInsert(InsertCoordinator.java:113)
	at org.hibernate.persister.entity.AbstractEntityPersister.insert(AbstractEntityPersister.java:2873)
	at org.hibernate.action.internal.EntityInsertAction.execute(EntityInsertAction.java:104)
	at org.hibernate.engine.spi.ActionQueue.executeActions(ActionQueue.java:632)
	at org.hibernate.engine.spi.ActionQueue.executeActions(ActionQueue.java:499)
	at org.hibernate.event.internal.AbstractFlushingEventListener.performExecutions(AbstractFlushingEventListener.java:363)
	at org.hibernate.event.internal.DefaultFlushEventListener.onFlush(DefaultFlushEventListener.java:41)
	at org.hibernate.event.service.internal.EventListenerGroupImpl.fireEventOnEachListener(EventListenerGroupImpl.java:127)
	at org.hibernate.internal.SessionImpl.doFlush(SessionImpl.java:1403)
	at org.hibernate.internal.SessionImpl.managedFlush(SessionImpl.java:484)
	at org.hibernate.internal.SessionImpl.flushBeforeTransactionCompletion(SessionImpl.java:2319)
	at org.hibernate.internal.SessionImpl.beforeTransactionCompletion(SessionImpl.java:1976)
	at org.hibernate.engine.jdbc.internal.JdbcCoordinatorImpl.beforeTransactionCompletion(JdbcCoordinatorImpl.java:439)
	at org.hibernate.resource.transaction.backend.jdbc.internal.JdbcResourceLocalTransactionCoordinatorImpl.beforeCompletionCallback(JdbcResourceLocalTransactionCoordinatorImpl.java:169)
	at org.hibernate.resource.transaction.backend.jdbc.internal.JdbcResourceLocalTransactionCoordinatorImpl$TransactionDriverControlImpl.commit(JdbcResourceLocalTransactionCoordinatorImpl.java:267)
	at org.hibernate.engine.transaction.internal.TransactionImpl.commit(TransactionImpl.java:101)
	at org.springframework.orm.jpa.JpaTransactionManager.doCommit(JpaTransactionManager.java:562)
	... 18 more
Caused by: java.sql.SQLIntegrityConstraintViolationException: ORA-02291: 무결성 제약조건(ADMIN.FK1LAX1DKXJW49IO6FYY3AH38QY)이 위배되었습니다- 부모 키가 없습니다

	at oracle.jdbc.driver.T4CTTIoer11.processError(T4CTTIoer11.java:629)
	at oracle.jdbc.driver.T4CTTIoer11.processError(T4CTTIoer11.java:563)
	at oracle.jdbc.driver.T4C8Oall.processError(T4C8Oall.java:1230)
	at oracle.jdbc.driver.T4CTTIfun.receive(T4CTTIfun.java:771)
	at oracle.jdbc.driver.T4CTTIfun.doRPC(T4CTTIfun.java:298)
	at oracle.jdbc.driver.T4C8Oall.doOALL(T4C8Oall.java:511)
	at oracle.jdbc.driver.T4CPreparedStatement.doOall8(T4CPreparedStatement.java:162)
	at oracle.jdbc.driver.T4CPreparedStatement.executeForRows(T4CPreparedStatement.java:1240)
	at oracle.jdbc.driver.OracleStatement.executeSQLStatement(OracleStatement.java:1819)
	at oracle.jdbc.driver.OracleStatement.doExecuteWithTimeout(OracleStatement.java:1471)
	at oracle.jdbc.driver.OraclePreparedStatement.executeInternal(OraclePreparedStatement.java:3760)
	at oracle.jdbc.driver.OraclePreparedStatement.executeLargeUpdate(OraclePreparedStatement.java:4061)
	at oracle.jdbc.driver.OraclePreparedStatement.executeUpdate(OraclePreparedStatement.java:4036)
	at oracle.jdbc.driver.OraclePreparedStatementWrapper.executeUpdate(OraclePreparedStatementWrapper.java:995)
	at com.zaxxer.hikari.pool.ProxyPreparedStatement.executeUpdate(ProxyPreparedStatement.java:61)
	at com.zaxxer.hikari.pool.HikariProxyPreparedStatement.executeUpdate(HikariProxyPreparedStatement.java)
	at org.hibernate.engine.jdbc.internal.ResultSetReturnImpl.executeUpdate(ResultSetReturnImpl.java:194)
	... 39 more
Caused by: Error : 2291, Position : 0, Sql = insert into review_reply_comment (created_date,last_modified_date,reply_reply_no,replyer_mid,review_rno,text,comment_no) values (:1 ,:2 ,:3 ,:4 ,:5 ,:6 ,:7 ), OriginalSql = insert into review_reply_comment (created_date,last_modified_date,reply_reply_no,replyer_mid,review_rno,text,comment_no) values (?,?,?,?,?,?,?), Error Msg = ORA-02291: 무결성 제약조건(ADMIN.FK1LAX1DKXJW49IO6FYY3AH38QY)이 위배되었습니다- 부모 키가 없습니다

	at oracle.jdbc.driver.T4CTTIoer11.processError(T4CTTIoer11.java:636)
	... 55 more
]]></error>
    <system-out><![CDATA[Hibernate: 
    select
        animal_review_reply_comment_seq.nextval 
    from
        dual
Hibernate: 
    insert 
    into
        review_reply_comment
        (created_date, last_modified_date, reply_reply_no, replyer_mid, review_rno, text, comment_no) 
    values
        (?, ?, ?, ?, ?, ?, ?)
2024-07-15T11:01:19.969+09:00  WARN 10108 --- [project1] [           main] o.h.engine.jdbc.spi.SqlExceptionHelper   : SQL Error: 2291, SQLState: 23000
2024-07-15T11:01:19.969+09:00 ERROR 10108 --- [project1] [           main] o.h.engine.jdbc.spi.SqlExceptionHelper   : ORA-02291: 무결성 제약조건(ADMIN.FK1LAX1DKXJW49IO6FYY3AH38QY)이 위배되었습니다- 부모 키가 없습니다

]]></system-out>
  </testcase>
  <testcase name="testList" classname="com.example.project1.repository.ReviewRepositoryTest" time="0.108">
    <system-out><![CDATA[2024-07-15T11:01:19.984+09:00  INFO 10108 --- [project1] [           main] plyReviewReplyCommentHeartRepositoryImpl : ================== queryDsl List ====================
2024-07-15T11:01:19.985+09:00  INFO 10108 --- [project1] [           main] plyReviewReplyCommentHeartRepositoryImpl : review + reply + member + reviewimage join
Hibernate: 
    select
        r1_0.rno,
        r1_0.created_date,
        r1_0.heart_count,
        r1_0.last_modified_date,
        r1_0.text,
        r1_0.title,
        r1_0.view_count,
        r1_0.writer_mid,
        ri1_0.inum,
        ri1_0.imagename,
        ri1_0.path,
        ri1_0.review_rno,
        ri1_0.uuid,
        (select
            m1_0.mid 
        from
            member m1_0 
        where
            r1_0.writer_mid=m1_0.mid),
        (select
            m2_0.email 
        from
            member m2_0 
        where
            r1_0.writer_mid=m2_0.mid),
        (select
            m3_0.nickname 
        from
            member m3_0 
        where
            r1_0.writer_mid=m3_0.mid),
        (select
            count(rr1_0.reply_no) 
        from
            review_reply rr1_0 
        where
            rr1_0.review_rno=r1_0.rno 
        group by
            rr1_0.review_rno),
        (select
            count(h1_0.hno) 
        from
            heart h1_0 
        where
            h1_0.review_rno=r1_0.rno 
        group by
            h1_0.review_rno) 
    from
        review_image ri1_0 
    left join
        review r1_0 
            on r1_0.rno=ri1_0.review_rno 
    where
        ri1_0.inum in (select
            min(ri2_0.inum) 
        from
            review_image ri2_0 
        group by
            ri2_0.review_rno) 
        and r1_0.rno>? 
    order by
        r1_0.rno desc 
    offset
        ? rows 
    fetch
        first ? rows only
Hibernate: 
    select
        count(ri1_0.inum) 
    from
        review_image ri1_0 
    left join
        review r1_0 
            on r1_0.rno=ri1_0.review_rno 
    where
        ri1_0.inum in (select
            min(ri2_0.inum) 
        from
            review_image ri2_0 
        group by
            ri2_0.review_rno) 
        and r1_0.rno>?
[Review(rno=2, text=오라클 클라우드 연동후 글작성 테스트1, title=오라클 클라우드 연동후 테스트1, viewCount=1, heartCount=1), ReviewImage(inum=2, uuid=null, imagename=null, path=null), 22, member2@naver.com, User2, null, 1]
[Review(rno=1, text=테스트 글, title=글작성 테스트, viewCount=1, heartCount=0), ReviewImage(inum=1, uuid=null, imagename=null, path=null), 22, member2@naver.com, User2, null, null]
]]></system-out>
  </testcase>
  <testcase name="testeRow" classname="com.example.project1.repository.ReviewRepositoryTest" time="0.029">
    <system-out><![CDATA[2024-07-15T11:01:20.101+09:00  INFO 10108 --- [project1] [           main] plyReviewReplyCommentHeartRepositoryImpl : get Row SearchBoardRepository
Hibernate: 
    select
        r1_0.rno,
        r1_0.created_date,
        r1_0.heart_count,
        r1_0.last_modified_date,
        r1_0.text,
        r1_0.title,
        r1_0.view_count,
        r1_0.writer_mid,
        ri1_0.inum,
        ri1_0.imagename,
        ri1_0.path,
        ri1_0.review_rno,
        ri1_0.uuid,
        (select
            m1_0.mid 
        from
            member m1_0 
        where
            r1_0.writer_mid=m1_0.mid),
        (select
            m2_0.email 
        from
            member m2_0 
        where
            r1_0.writer_mid=m2_0.mid),
        (select
            m3_0.nickname 
        from
            member m3_0 
        where
            r1_0.writer_mid=m3_0.mid),
        (select
            count(rr1_0.reply_no) 
        from
            review_reply rr1_0 
        where
            rr1_0.review_rno=r1_0.rno 
        group by
            rr1_0.review_rno),
        (select
            count(h1_0.hno) 
        from
            heart h1_0 
        where
            h1_0.review_rno=r1_0.rno 
        group by
            h1_0.review_rno) 
    from
        review_image ri1_0 
    left join
        review r1_0 
            on r1_0.rno=ri1_0.review_rno 
    where
        r1_0.rno=? 
    order by
        ri1_0.inum desc
[Review(rno=1, text=테스트 글, title=글작성 테스트, viewCount=1, heartCount=0), ReviewImage(inum=1, uuid=null, imagename=null, path=null), 22, member2@naver.com, User2, null, null]
]]></system-out>
  </testcase>
  <testcase name="testInsertReply" classname="com.example.project1.repository.ReviewRepositoryTest" time="0.075">
    <error message="could not execute statement [ORA-02291: 무결성 제약조건(ADMIN.FKSGV3WLL2GHC4JJAW8E4LDVF3V)이 위배되었습니다- 부모 키가 없습니다&#10;] [insert into review_reply (created_date,last_modified_date,replyer_mid,review_rno,text,reply_no) values (?,?,?,?,?,?)]; SQL [insert into review_reply (created_date,last_modified_date,replyer_mid,review_rno,text,reply_no) values (?,?,?,?,?,?)]; constraint [ADMIN.FKSGV3WLL2GHC4JJAW8E4LDVF3V]" type="org.springframework.dao.DataIntegrityViolationException"><![CDATA[org.springframework.dao.DataIntegrityViolationException: 
could not execute statement [ORA-02291: 무결성 제약조건(ADMIN.FKSGV3WLL2GHC4JJAW8E4LDVF3V)이 위배되었습니다- 부모 키가 없습니다
] [insert into review_reply (created_date,last_modified_date,replyer_mid,review_rno,text,reply_no) values (?,?,?,?,?,?)]; SQL [insert into review_reply (created_date,last_modified_date,replyer_mid,review_rno,text,reply_no) values (?,?,?,?,?,?)]; constraint [ADMIN.FKSGV3WLL2GHC4JJAW8E4LDVF3V]
	at org.springframework.orm.jpa.vendor.HibernateJpaDialect.convertHibernateAccessException(HibernateJpaDialect.java:290)
	at org.springframework.orm.jpa.vendor.HibernateJpaDialect.translateExceptionIfPossible(HibernateJpaDialect.java:241)
	at org.springframework.orm.jpa.JpaTransactionManager.doCommit(JpaTransactionManager.java:566)
	at org.springframework.transaction.support.AbstractPlatformTransactionManager.processCommit(AbstractPlatformTransactionManager.java:794)
	at org.springframework.transaction.support.AbstractPlatformTransactionManager.commit(AbstractPlatformTransactionManager.java:757)
	at org.springframework.transaction.interceptor.TransactionAspectSupport.commitTransactionAfterReturning(TransactionAspectSupport.java:676)
	at org.springframework.transaction.interceptor.TransactionAspectSupport.invokeWithinTransaction(TransactionAspectSupport.java:426)
	at org.springframework.transaction.interceptor.TransactionInterceptor.invoke(TransactionInterceptor.java:119)
	at org.springframework.aop.framework.ReflectiveMethodInvocation.proceed(ReflectiveMethodInvocation.java:184)
	at org.springframework.dao.support.PersistenceExceptionTranslationInterceptor.invoke(PersistenceExceptionTranslationInterceptor.java:137)
	at org.springframework.aop.framework.ReflectiveMethodInvocation.proceed(ReflectiveMethodInvocation.java:184)
	at org.springframework.data.jpa.repository.support.CrudMethodMetadataPostProcessor$CrudMethodMetadataPopulatingMethodInterceptor.invoke(CrudMethodMetadataPostProcessor.java:164)
	at org.springframework.aop.framework.ReflectiveMethodInvocation.proceed(ReflectiveMethodInvocation.java:184)
	at org.springframework.aop.interceptor.ExposeInvocationInterceptor.invoke(ExposeInvocationInterceptor.java:97)
	at org.springframework.aop.framework.ReflectiveMethodInvocation.proceed(ReflectiveMethodInvocation.java:184)
	at org.springframework.aop.framework.JdkDynamicAopProxy.invoke(JdkDynamicAopProxy.java:223)
	at jdk.proxy2/jdk.proxy2.$Proxy164.save(Unknown Source)
	at com.example.project1.repository.ReviewRepositoryTest.lambda$1(ReviewRepositoryTest.java:68)
	at java.base/java.util.stream.Streams$RangeLongSpliterator.forEachRemaining(Streams.java:228)
	at java.base/java.util.stream.LongPipeline$Head.forEach(LongPipeline.java:601)
	at com.example.project1.repository.ReviewRepositoryTest.testInsertReply(ReviewRepositoryTest.java:60)
	at java.base/java.lang.reflect.Method.invoke(Method.java:568)
	at java.base/java.util.ArrayList.forEach(ArrayList.java:1511)
	at java.base/java.util.ArrayList.forEach(ArrayList.java:1511)
Caused by: org.hibernate.exception.ConstraintViolationException: could not execute statement [ORA-02291: 무결성 제약조건(ADMIN.FKSGV3WLL2GHC4JJAW8E4LDVF3V)이 위배되었습니다- 부모 키가 없습니다
] [insert into review_reply (created_date,last_modified_date,replyer_mid,review_rno,text,reply_no) values (?,?,?,?,?,?)]
	at org.hibernate.exception.internal.SQLExceptionTypeDelegate.convert(SQLExceptionTypeDelegate.java:62)
	at org.hibernate.exception.internal.StandardSQLExceptionConverter.convert(StandardSQLExceptionConverter.java:58)
	at org.hibernate.engine.jdbc.spi.SqlExceptionHelper.convert(SqlExceptionHelper.java:108)
	at org.hibernate.engine.jdbc.internal.ResultSetReturnImpl.executeUpdate(ResultSetReturnImpl.java:197)
	at org.hibernate.engine.jdbc.mutation.internal.AbstractMutationExecutor.performNonBatchedMutation(AbstractMutationExecutor.java:108)
	at org.hibernate.engine.jdbc.mutation.internal.MutationExecutorSingleNonBatched.performNonBatchedOperations(MutationExecutorSingleNonBatched.java:40)
	at org.hibernate.engine.jdbc.mutation.internal.AbstractMutationExecutor.execute(AbstractMutationExecutor.java:52)
	at org.hibernate.persister.entity.mutation.InsertCoordinator.doStaticInserts(InsertCoordinator.java:175)
	at org.hibernate.persister.entity.mutation.InsertCoordinator.coordinateInsert(InsertCoordinator.java:113)
	at org.hibernate.persister.entity.AbstractEntityPersister.insert(AbstractEntityPersister.java:2873)
	at org.hibernate.action.internal.EntityInsertAction.execute(EntityInsertAction.java:104)
	at org.hibernate.engine.spi.ActionQueue.executeActions(ActionQueue.java:632)
	at org.hibernate.engine.spi.ActionQueue.executeActions(ActionQueue.java:499)
	at org.hibernate.event.internal.AbstractFlushingEventListener.performExecutions(AbstractFlushingEventListener.java:363)
	at org.hibernate.event.internal.DefaultFlushEventListener.onFlush(DefaultFlushEventListener.java:41)
	at org.hibernate.event.service.internal.EventListenerGroupImpl.fireEventOnEachListener(EventListenerGroupImpl.java:127)
	at org.hibernate.internal.SessionImpl.doFlush(SessionImpl.java:1403)
	at org.hibernate.internal.SessionImpl.managedFlush(SessionImpl.java:484)
	at org.hibernate.internal.SessionImpl.flushBeforeTransactionCompletion(SessionImpl.java:2319)
	at org.hibernate.internal.SessionImpl.beforeTransactionCompletion(SessionImpl.java:1976)
	at org.hibernate.engine.jdbc.internal.JdbcCoordinatorImpl.beforeTransactionCompletion(JdbcCoordinatorImpl.java:439)
	at org.hibernate.resource.transaction.backend.jdbc.internal.JdbcResourceLocalTransactionCoordinatorImpl.beforeCompletionCallback(JdbcResourceLocalTransactionCoordinatorImpl.java:169)
	at org.hibernate.resource.transaction.backend.jdbc.internal.JdbcResourceLocalTransactionCoordinatorImpl$TransactionDriverControlImpl.commit(JdbcResourceLocalTransactionCoordinatorImpl.java:267)
	at org.hibernate.engine.transaction.internal.TransactionImpl.commit(TransactionImpl.java:101)
	at org.springframework.orm.jpa.JpaTransactionManager.doCommit(JpaTransactionManager.java:562)
	... 21 more
Caused by: java.sql.SQLIntegrityConstraintViolationException: ORA-02291: 무결성 제약조건(ADMIN.FKSGV3WLL2GHC4JJAW8E4LDVF3V)이 위배되었습니다- 부모 키가 없습니다

	at oracle.jdbc.driver.T4CTTIoer11.processError(T4CTTIoer11.java:629)
	at oracle.jdbc.driver.T4CTTIoer11.processError(T4CTTIoer11.java:563)
	at oracle.jdbc.driver.T4C8Oall.processError(T4C8Oall.java:1230)
	at oracle.jdbc.driver.T4CTTIfun.receive(T4CTTIfun.java:771)
	at oracle.jdbc.driver.T4CTTIfun.doRPC(T4CTTIfun.java:298)
	at oracle.jdbc.driver.T4C8Oall.doOALL(T4C8Oall.java:511)
	at oracle.jdbc.driver.T4CPreparedStatement.doOall8(T4CPreparedStatement.java:162)
	at oracle.jdbc.driver.T4CPreparedStatement.executeForRows(T4CPreparedStatement.java:1240)
	at oracle.jdbc.driver.OracleStatement.executeSQLStatement(OracleStatement.java:1819)
	at oracle.jdbc.driver.OracleStatement.doExecuteWithTimeout(OracleStatement.java:1471)
	at oracle.jdbc.driver.OraclePreparedStatement.executeInternal(OraclePreparedStatement.java:3760)
	at oracle.jdbc.driver.OraclePreparedStatement.executeLargeUpdate(OraclePreparedStatement.java:4061)
	at oracle.jdbc.driver.OraclePreparedStatement.executeUpdate(OraclePreparedStatement.java:4036)
	at oracle.jdbc.driver.OraclePreparedStatementWrapper.executeUpdate(OraclePreparedStatementWrapper.java:995)
	at com.zaxxer.hikari.pool.ProxyPreparedStatement.executeUpdate(ProxyPreparedStatement.java:61)
	at com.zaxxer.hikari.pool.HikariProxyPreparedStatement.executeUpdate(HikariProxyPreparedStatement.java)
	at org.hibernate.engine.jdbc.internal.ResultSetReturnImpl.executeUpdate(ResultSetReturnImpl.java:194)
	... 42 more
Caused by: Error : 2291, Position : 0, Sql = insert into review_reply (created_date,last_modified_date,replyer_mid,review_rno,text,reply_no) values (:1 ,:2 ,:3 ,:4 ,:5 ,:6 ), OriginalSql = insert into review_reply (created_date,last_modified_date,replyer_mid,review_rno,text,reply_no) values (?,?,?,?,?,?), Error Msg = ORA-02291: 무결성 제약조건(ADMIN.FKSGV3WLL2GHC4JJAW8E4LDVF3V)이 위배되었습니다- 부모 키가 없습니다

	at oracle.jdbc.driver.T4CTTIoer11.processError(T4CTTIoer11.java:636)
	... 58 more
]]></error>
    <system-out><![CDATA[Hibernate: 
    select
        animal_review_reply_seq.nextval 
    from
        dual
Hibernate: 
    insert 
    into
        review_reply
        (created_date, last_modified_date, replyer_mid, review_rno, text, reply_no) 
    values
        (?, ?, ?, ?, ?, ?)
Hibernate: 
    select
        animal_review_reply_seq.nextval 
    from
        dual
Hibernate: 
    insert 
    into
        review_reply
        (created_date, last_modified_date, replyer_mid, review_rno, text, reply_no) 
    values
        (?, ?, ?, ?, ?, ?)
2024-07-15T11:01:20.187+09:00  WARN 10108 --- [project1] [           main] o.h.engine.jdbc.spi.SqlExceptionHelper   : SQL Error: 2291, SQLState: 23000
2024-07-15T11:01:20.187+09:00 ERROR 10108 --- [project1] [           main] o.h.engine.jdbc.spi.SqlExceptionHelper   : ORA-02291: 무결성 제약조건(ADMIN.FKSGV3WLL2GHC4JJAW8E4LDVF3V)이 위배되었습니다- 부모 키가 없습니다

]]></system-out>
  </testcase>
  <testcase name="testS" classname="com.example.project1.repository.ReviewRepositoryTest" time="0.114">
    <system-out><![CDATA[Hibernate: 
    select
        h1_0.hno,
        h1_0.member_mid,
        h1_0.review_rno 
    from
        heart h1_0 
    where
        h1_0.member_mid=?
]]></system-out>
  </testcase>
  <testcase name="testFindReply" classname="com.example.project1.repository.ReviewRepositoryTest" time="0.026">
    <system-out><![CDATA[Hibernate: 
    select
        rr1_0.reply_no,
        rr1_0.created_date,
        rr1_0.last_modified_date,
        rr1_0.replyer_mid,
        rr1_0.review_rno,
        rr1_0.text 
    from
        review_reply rr1_0 
    where
        rr1_0.replyer_mid=?
]]></system-out>
  </testcase>
  <testcase name="testInsert" classname="com.example.project1.repository.ReviewRepositoryTest" time="0.037">
    <error message="could not execute statement [ORA-01400: NULL을 (&quot;ADMIN&quot;.&quot;REVIEW&quot;.&quot;HEART_COUNT&quot;) 안에 삽입할 수 없습니다&#10;] [insert into review (created_date,heart_count,last_modified_date,text,title,view_count,writer_mid,rno) values (?,?,?,?,?,?,?,?)]; SQL [insert into review (created_date,heart_count,last_modified_date,text,title,view_count,writer_mid,rno) values (?,?,?,?,?,?,?,?)]; constraint [null]" type="org.springframework.dao.DataIntegrityViolationException"><![CDATA[org.springframework.dao.DataIntegrityViolationException: 
could not execute statement [ORA-01400: NULL을 ("ADMIN"."REVIEW"."HEART_COUNT") 안에 삽입할 수 없습니다
] [insert into review (created_date,heart_count,last_modified_date,text,title,view_count,writer_mid,rno) values (?,?,?,?,?,?,?,?)]; SQL [insert into review (created_date,heart_count,last_modified_date,text,title,view_count,writer_mid,rno) values (?,?,?,?,?,?,?,?)]; constraint [null]
	at org.springframework.orm.jpa.vendor.HibernateJpaDialect.convertHibernateAccessException(HibernateJpaDialect.java:290)
	at org.springframework.orm.jpa.vendor.HibernateJpaDialect.translateExceptionIfPossible(HibernateJpaDialect.java:241)
	at org.springframework.orm.jpa.JpaTransactionManager.doCommit(JpaTransactionManager.java:566)
	at org.springframework.transaction.support.AbstractPlatformTransactionManager.processCommit(AbstractPlatformTransactionManager.java:794)
	at org.springframework.transaction.support.AbstractPlatformTransactionManager.commit(AbstractPlatformTransactionManager.java:757)
	at org.springframework.transaction.interceptor.TransactionAspectSupport.commitTransactionAfterReturning(TransactionAspectSupport.java:676)
	at org.springframework.transaction.interceptor.TransactionAspectSupport.invokeWithinTransaction(TransactionAspectSupport.java:426)
	at org.springframework.transaction.interceptor.TransactionInterceptor.invoke(TransactionInterceptor.java:119)
	at org.springframework.aop.framework.ReflectiveMethodInvocation.proceed(ReflectiveMethodInvocation.java:184)
	at org.springframework.dao.support.PersistenceExceptionTranslationInterceptor.invoke(PersistenceExceptionTranslationInterceptor.java:137)
	at org.springframework.aop.framework.ReflectiveMethodInvocation.proceed(ReflectiveMethodInvocation.java:184)
	at org.springframework.data.jpa.repository.support.CrudMethodMetadataPostProcessor$CrudMethodMetadataPopulatingMethodInterceptor.invoke(CrudMethodMetadataPostProcessor.java:164)
	at org.springframework.aop.framework.ReflectiveMethodInvocation.proceed(ReflectiveMethodInvocation.java:184)
	at org.springframework.aop.interceptor.ExposeInvocationInterceptor.invoke(ExposeInvocationInterceptor.java:97)
	at org.springframework.aop.framework.ReflectiveMethodInvocation.proceed(ReflectiveMethodInvocation.java:184)
	at org.springframework.aop.framework.JdkDynamicAopProxy.invoke(JdkDynamicAopProxy.java:223)
	at jdk.proxy2/jdk.proxy2.$Proxy165.save(Unknown Source)
	at com.example.project1.repository.ReviewRepositoryTest.lambda$0(ReviewRepositoryTest.java:50)
	at java.base/java.util.stream.Streams$RangeLongSpliterator.forEachRemaining(Streams.java:228)
	at java.base/java.util.stream.LongPipeline$Head.forEach(LongPipeline.java:601)
	at com.example.project1.repository.ReviewRepositoryTest.testInsert(ReviewRepositoryTest.java:40)
	at java.base/java.lang.reflect.Method.invoke(Method.java:568)
	at java.base/java.util.ArrayList.forEach(ArrayList.java:1511)
	at java.base/java.util.ArrayList.forEach(ArrayList.java:1511)
Caused by: org.hibernate.exception.ConstraintViolationException: could not execute statement [ORA-01400: NULL을 ("ADMIN"."REVIEW"."HEART_COUNT") 안에 삽입할 수 없습니다
] [insert into review (created_date,heart_count,last_modified_date,text,title,view_count,writer_mid,rno) values (?,?,?,?,?,?,?,?)]
	at org.hibernate.exception.internal.SQLExceptionTypeDelegate.convert(SQLExceptionTypeDelegate.java:62)
	at org.hibernate.exception.internal.StandardSQLExceptionConverter.convert(StandardSQLExceptionConverter.java:58)
	at org.hibernate.engine.jdbc.spi.SqlExceptionHelper.convert(SqlExceptionHelper.java:108)
	at org.hibernate.engine.jdbc.internal.ResultSetReturnImpl.executeUpdate(ResultSetReturnImpl.java:197)
	at org.hibernate.engine.jdbc.mutation.internal.AbstractMutationExecutor.performNonBatchedMutation(AbstractMutationExecutor.java:108)
	at org.hibernate.engine.jdbc.mutation.internal.MutationExecutorSingleNonBatched.performNonBatchedOperations(MutationExecutorSingleNonBatched.java:40)
	at org.hibernate.engine.jdbc.mutation.internal.AbstractMutationExecutor.execute(AbstractMutationExecutor.java:52)
	at org.hibernate.persister.entity.mutation.InsertCoordinator.doStaticInserts(InsertCoordinator.java:175)
	at org.hibernate.persister.entity.mutation.InsertCoordinator.coordinateInsert(InsertCoordinator.java:113)
	at org.hibernate.persister.entity.AbstractEntityPersister.insert(AbstractEntityPersister.java:2873)
	at org.hibernate.action.internal.EntityInsertAction.execute(EntityInsertAction.java:104)
	at org.hibernate.engine.spi.ActionQueue.executeActions(ActionQueue.java:632)
	at org.hibernate.engine.spi.ActionQueue.executeActions(ActionQueue.java:499)
	at org.hibernate.event.internal.AbstractFlushingEventListener.performExecutions(AbstractFlushingEventListener.java:363)
	at org.hibernate.event.internal.DefaultFlushEventListener.onFlush(DefaultFlushEventListener.java:41)
	at org.hibernate.event.service.internal.EventListenerGroupImpl.fireEventOnEachListener(EventListenerGroupImpl.java:127)
	at org.hibernate.internal.SessionImpl.doFlush(SessionImpl.java:1403)
	at org.hibernate.internal.SessionImpl.managedFlush(SessionImpl.java:484)
	at org.hibernate.internal.SessionImpl.flushBeforeTransactionCompletion(SessionImpl.java:2319)
	at org.hibernate.internal.SessionImpl.beforeTransactionCompletion(SessionImpl.java:1976)
	at org.hibernate.engine.jdbc.internal.JdbcCoordinatorImpl.beforeTransactionCompletion(JdbcCoordinatorImpl.java:439)
	at org.hibernate.resource.transaction.backend.jdbc.internal.JdbcResourceLocalTransactionCoordinatorImpl.beforeCompletionCallback(JdbcResourceLocalTransactionCoordinatorImpl.java:169)
	at org.hibernate.resource.transaction.backend.jdbc.internal.JdbcResourceLocalTransactionCoordinatorImpl$TransactionDriverControlImpl.commit(JdbcResourceLocalTransactionCoordinatorImpl.java:267)
	at org.hibernate.engine.transaction.internal.TransactionImpl.commit(TransactionImpl.java:101)
	at org.springframework.orm.jpa.JpaTransactionManager.doCommit(JpaTransactionManager.java:562)
	... 21 more
Caused by: java.sql.SQLIntegrityConstraintViolationException: ORA-01400: NULL을 ("ADMIN"."REVIEW"."HEART_COUNT") 안에 삽입할 수 없습니다

	at oracle.jdbc.driver.T4CTTIoer11.processError(T4CTTIoer11.java:629)
	at oracle.jdbc.driver.T4CTTIoer11.processError(T4CTTIoer11.java:563)
	at oracle.jdbc.driver.T4C8Oall.processError(T4C8Oall.java:1230)
	at oracle.jdbc.driver.T4CTTIfun.receive(T4CTTIfun.java:771)
	at oracle.jdbc.driver.T4CTTIfun.doRPC(T4CTTIfun.java:298)
	at oracle.jdbc.driver.T4C8Oall.doOALL(T4C8Oall.java:511)
	at oracle.jdbc.driver.T4CPreparedStatement.doOall8(T4CPreparedStatement.java:162)
	at oracle.jdbc.driver.T4CPreparedStatement.executeForRows(T4CPreparedStatement.java:1240)
	at oracle.jdbc.driver.OracleStatement.executeSQLStatement(OracleStatement.java:1819)
	at oracle.jdbc.driver.OracleStatement.doExecuteWithTimeout(OracleStatement.java:1471)
	at oracle.jdbc.driver.OraclePreparedStatement.executeInternal(OraclePreparedStatement.java:3760)
	at oracle.jdbc.driver.OraclePreparedStatement.executeLargeUpdate(OraclePreparedStatement.java:4061)
	at oracle.jdbc.driver.OraclePreparedStatement.executeUpdate(OraclePreparedStatement.java:4036)
	at oracle.jdbc.driver.OraclePreparedStatementWrapper.executeUpdate(OraclePreparedStatementWrapper.java:995)
	at com.zaxxer.hikari.pool.ProxyPreparedStatement.executeUpdate(ProxyPreparedStatement.java:61)
	at com.zaxxer.hikari.pool.HikariProxyPreparedStatement.executeUpdate(HikariProxyPreparedStatement.java)
	at org.hibernate.engine.jdbc.internal.ResultSetReturnImpl.executeUpdate(ResultSetReturnImpl.java:194)
	... 42 more
Caused by: Error : 1400, Position : 115, Sql = insert into review (created_date,heart_count,last_modified_date,text,title,view_count,writer_mid,rno) values (:1 ,:2 ,:3 ,:4 ,:5 ,:6 ,:7 ,:8 ), OriginalSql = insert into review (created_date,heart_count,last_modified_date,text,title,view_count,writer_mid,rno) values (?,?,?,?,?,?,?,?), Error Msg = ORA-01400: NULL을 ("ADMIN"."REVIEW"."HEART_COUNT") 안에 삽입할 수 없습니다

	at oracle.jdbc.driver.T4CTTIoer11.processError(T4CTTIoer11.java:636)
	... 58 more
]]></error>
    <system-out><![CDATA[Hibernate: 
    select
        animal_review_seq.nextval 
    from
        dual
Hibernate: 
    insert 
    into
        review
        (created_date, heart_count, last_modified_date, text, title, view_count, writer_mid, rno) 
    values
        (?, ?, ?, ?, ?, ?, ?, ?)
2024-07-15T11:01:20.368+09:00  WARN 10108 --- [project1] [           main] o.h.engine.jdbc.spi.SqlExceptionHelper   : SQL Error: 1400, SQLState: 23000
2024-07-15T11:01:20.368+09:00 ERROR 10108 --- [project1] [           main] o.h.engine.jdbc.spi.SqlExceptionHelper   : ORA-01400: NULL을 ("ADMIN"."REVIEW"."HEART_COUNT") 안에 삽입할 수 없습니다

]]></system-out>
  </testcase>
</testsuite>